<?xml version="1.0" encoding="UTF-8"?>
<!-- Generated by org.testng.reporters.JUnitXMLReporter -->
<testsuite hostname="brandons-mbp.lan" ignored="0" name="Test"
	tests="14" failures="1" timestamp="19 Jan 2018 17:43:52 GMT" time="0.06"
	errors="0">
	<testcase name="LoginFailure" time="0.009" classname="webLogin.CouncelorLogin" />
	<testcase name="LoginSuccess" time="0.001" classname="webLogin.CouncelorLogin" />
	<testcase name="LoginFacebookFailure" time="0.001"
		classname="webLogin.StudentLogin" />
	<testcase name="LoginFacebookSuccess" time="0.001"
		classname="webLogin.StudentLogin" />
	<testcase name="LoginFailure" time="0.003" classname="webLogin.StudentLogin">
		<failure type="java.lang.AssertionError" message="expected [true] but found [false]">
      <![CDATA[java.lang.AssertionError: expected [true] but found [false]at webLogin.StudentLogin.LoginFailure(StudentLogin.java:17)... Removed 29 stack frames]]>
		</failure>
	</testcase> <!-- LoginFailure -->
	<testcase name="LoginSuccess" time="0.001" classname="webLogin.StudentLogin" />
	<testcase name="LoginTwitterFailure" time="0.001"
		classname="webLogin.StudentLogin" />
	<testcase name="LoginTwitterSuccess" time="0.0"
		classname="webLogin.StudentLogin" />
	<testcase name="LoginFailure" time="0.001" classname="webLogin.ParentLogin" />
	<testcase name="LoginSuccess" time="0.001" classname="webLogin.ParentLogin" />
	<testcase name="LoginFailure" time="0.0" classname="webLogin.AdminLogin" />
	<testcase name="LoginSuccess" time="0.001" classname="webLogin.AdminLogin" />
	<testcase name="LoginFailure" time="0.001" classname="webLogin.TeacherLogin" />
	<testcase name="LoginSuccess" time="0.001" classname="webLogin.TeacherLogin" />
</testsuite> <!-- Test -->
