<?xml version="1.0" encoding="UTF-8"?>
<testsuite xmlns:xsi="http://www.w3.org/2001/XMLSchema-instance" xsi:noNamespaceSchemaLocation="https://maven.apache.org/surefire/maven-surefire-plugin/xsd/surefire-test-report.xsd" name="TestSuite" time="25.463" tests="10" errors="0" skipped="0" failures="0">
  <properties>
[...]
</properties>
  <testcase name="LoginSuccess" classname="studentLoginTest.LoginSucess" time="3.003"/>
  <testcase name="Failure" classname="studentLoginTest.LoginFailure" time="2.418"/>
  <testcase name="Failure" classname="parentLoginTest.LoginFailure" time="2.262"/>
  <testcase name="Success" classname="parentLoginTest.ParentLogin" time="2.39"/>
  <testcase name="Failure" classname="teacherLoginTest.LoginFailure" time="2.298"/>
  <testcase name="Success" classname="teacherLoginTest.LoginSuccess" time="2.446"/>
  <testcase name="Success" classname="counselorLoginTest.LoginSuccess" time="2.329"/>
  <testcase name="Failure" classname="counselorLoginTest.LoginFailure" time="3.438"/>
  <testcase name="Failure" classname="adminLoginTest.LoginFailure" time="2.215"/>
  <testcase name="Success" classname="adminLoginTest.LoginSuccess" time="2.401"/>
</testsuite>