-------------------------------------------------------------------------------
Test set: TestSuite
-------------------------------------------------------------------------------
Tests run: 14, Failures: 1, Errors: 0, Skipped: 0, Time elapsed: 0.311 s <<< FAILURE! - in TestSuite
LoginFailure(webLogin.CouncelorLogin)  Time elapsed: 0.011 s  <<< FAILURE!
junit.framework.AssertionFailedError
	at webLogin.CouncelorLogin.LoginFailure(CouncelorLogin.java:17)

