<?xml version="1.0" encoding="UTF-8"?>
<testng-results skipped="0" failed="0" ignored="0" total="2" passed="2">
  <reporter-output>
  </reporter-output>
  <suite name="Default suite" duration-ms="3323" started-at="2018-01-26T20:56:18Z" finished-at="2018-01-26T20:56:21Z">
    <groups>
    </groups>
    <test name="Default test" duration-ms="3323" started-at="2018-01-26T20:56:18Z" finished-at="2018-01-26T20:56:21Z">
      <class name="webLogin.TeacherLogin">
        <test-method status="PASS" signature="setup()[pri:0, instance:webLogin.TeacherLogin@5bcab519]" name="setup" is-config="true" duration-ms="2890" started-at="2018-01-26T15:56:18Z" finished-at="2018-01-26T15:56:21Z">
          <reporter-output>
          </reporter-output>
        </test-method> <!-- setup -->
        <test-method status="PASS" signature="LoginFailure()[pri:0, instance:webLogin.TeacherLogin@5bcab519]" name="LoginFailure" duration-ms="4" started-at="2018-01-26T15:56:21Z" finished-at="2018-01-26T15:56:21Z">
          <reporter-output>
          </reporter-output>
        </test-method> <!-- LoginFailure -->
        <test-method status="PASS" signature="LoginSuccess()[pri:0, instance:webLogin.TeacherLogin@5bcab519]" name="LoginSuccess" duration-ms="409" started-at="2018-01-26T15:56:21Z" finished-at="2018-01-26T15:56:21Z">
          <reporter-output>
          </reporter-output>
        </test-method> <!-- LoginSuccess -->
      </class> <!-- webLogin.TeacherLogin -->
    </test> <!-- Default test -->
  </suite> <!-- Default suite -->
</testng-results>
